2024-12-12 12:00:17 INFO  com.example.demo.LogDemoApplication - Starting LogDemoApplication using Java 17.0.10 with PID 19072 (E:\STUDAY MATERIAL\JAVA FSD\SPRING PROGRAMS\LOGGING\LogDemo\target\classes started by Amol in E:\STUDAY MATERIAL\JAVA FSD\SPRING PROGRAMS\LOGGING\LogDemo)
2024-12-12 12:00:17 INFO  com.example.demo.LogDemoApplication - No active profile set, falling back to 1 default profile: "default"
2024-12-12 12:00:18 INFO  o.s.b.w.e.tomcat.TomcatWebServer - Tomcat initialized with port 8080 (http)
2024-12-12 12:00:18 INFO  o.a.coyote.http11.Http11NioProtocol - Initializing ProtocolHandler ["http-nio-8080"]
2024-12-12 12:00:18 INFO  o.a.catalina.core.StandardService - Starting service [Tomcat]
2024-12-12 12:00:18 INFO  o.a.catalina.core.StandardEngine - Starting Servlet engine: [Apache Tomcat/10.1.33]
2024-12-12 12:00:18 INFO  o.a.c.c.C.[Tomcat].[localhost].[/] - Initializing Spring embedded WebApplicationContext
2024-12-12 12:00:18 INFO  o.s.b.w.s.c.ServletWebServerApplicationContext - Root WebApplicationContext: initialization completed in 1008 ms
2024-12-12 12:00:18 INFO  o.a.coyote.http11.Http11NioProtocol - Starting ProtocolHandler ["http-nio-8080"]
2024-12-12 12:00:18 INFO  o.s.b.w.e.tomcat.TomcatWebServer - Tomcat started on port 8080 (http) with context path '/'
2024-12-12 12:00:18 INFO  com.example.demo.LogDemoApplication - Started LogDemoApplication in 1.978 seconds (process running for 2.257)
2024-12-12 12:00:38 INFO  o.a.c.c.C.[Tomcat].[localhost].[/] - Initializing Spring DispatcherServlet 'dispatcherServlet'
2024-12-12 12:00:38 INFO  o.s.web.servlet.DispatcherServlet - Initializing Servlet 'dispatcherServlet'
2024-12-12 12:00:38 INFO  o.s.web.servlet.DispatcherServlet - Completed initialization in 2 ms
2024-12-12 12:00:42 INFO  c.e.demo.controller.LogController - INFO log message
2024-12-12 12:00:42 ERROR c.e.demo.controller.LogController - ERROR log message
2024-12-12 12:01:56 INFO  com.example.demo.LogDemoApplication - Starting LogDemoApplication using Java 17.0.10 with PID 29500 (E:\STUDAY MATERIAL\JAVA FSD\SPRING PROGRAMS\LOGGING\LogDemo\target\classes started by Amol in E:\STUDAY MATERIAL\JAVA FSD\SPRING PROGRAMS\LOGGING\LogDemo)
2024-12-12 12:01:56 DEBUG com.example.demo.LogDemoApplication - Running with Spring Boot v3.4.0, Spring v6.2.0
2024-12-12 12:01:56 INFO  com.example.demo.LogDemoApplication - No active profile set, falling back to 1 default profile: "default"
2024-12-12 12:01:57 INFO  o.s.b.w.e.tomcat.TomcatWebServer - Tomcat initialized with port 8080 (http)
2024-12-12 12:01:57 INFO  o.a.coyote.http11.Http11NioProtocol - Initializing ProtocolHandler ["http-nio-8080"]
2024-12-12 12:01:57 INFO  o.a.catalina.core.StandardService - Starting service [Tomcat]
2024-12-12 12:01:57 INFO  o.a.catalina.core.StandardEngine - Starting Servlet engine: [Apache Tomcat/10.1.33]
2024-12-12 12:01:57 INFO  o.a.c.c.C.[Tomcat].[localhost].[/] - Initializing Spring embedded WebApplicationContext
2024-12-12 12:01:57 INFO  o.s.b.w.s.c.ServletWebServerApplicationContext - Root WebApplicationContext: initialization completed in 1039 ms
2024-12-12 12:01:58 INFO  o.a.coyote.http11.Http11NioProtocol - Starting ProtocolHandler ["http-nio-8080"]
2024-12-12 12:01:58 INFO  o.s.b.w.e.tomcat.TomcatWebServer - Tomcat started on port 8080 (http) with context path '/'
2024-12-12 12:01:58 INFO  com.example.demo.LogDemoApplication - Started LogDemoApplication in 1.993 seconds (process running for 2.292)
2024-12-12 12:02:03 INFO  o.a.c.c.C.[Tomcat].[localhost].[/] - Initializing Spring DispatcherServlet 'dispatcherServlet'
2024-12-12 12:02:03 INFO  o.s.web.servlet.DispatcherServlet - Initializing Servlet 'dispatcherServlet'
2024-12-12 12:02:03 INFO  o.s.web.servlet.DispatcherServlet - Completed initialization in 1 ms
2024-12-12 12:02:03 INFO  c.e.demo.controller.LogController - INFO log message
2024-12-12 12:02:03 DEBUG c.e.demo.controller.LogController - DEBUG log message
2024-12-12 12:02:03 ERROR c.e.demo.controller.LogController - ERROR log message
