2024-12-11 17:00:12,306 [Worker-1: Loading available Gradle versions] INFO  o.e.b.c.i.u.g.PublishedGradleVersions - Gradle version information cache is out-of-date. Trying to update.
2024-12-11 17:00:17,619 [Worker-1: Updating Maven Dependencies] INFO  o.e.m.c.i.l.LifecycleMappingFactory - Using org.eclipse.m2e.jdt.JarLifecycleMapping lifecycle mapping for MavenProject: org:xml-autowiring:0.0.1-SNAPSHOT @ E:\STUDAY MATERIAL\JAVA FSD\SPRING PROGRAMS\XML CONFIG\xml-autowiring\pom.xml.
2024-12-11 17:00:17,711 [Worker-1: Updating Maven Dependencies] INFO  o.e.m.c.i.l.LifecycleMappingFactory - Using org.eclipse.m2e.jdt.JarLifecycleMapping lifecycle mapping for MavenProject: org:xml-example:0.0.1-SNAPSHOT @ E:\STUDAY MATERIAL\JAVA FSD\SPRING PROGRAMS\XML CONFIG\xml-example\pom.xml.
2024-12-11 17:00:18,010 [Worker-7: Updating Maven Project] INFO  o.e.m.c.i.p.ProjectConfigurationManager - Update started
2024-12-11 17:00:18,065 [Worker-7: Updating Maven Project] INFO  o.e.m.c.i.l.LifecycleMappingFactory - Using org.eclipse.m2e.jdt.JarLifecycleMapping lifecycle mapping for MavenProject: org:xml-autowiring:0.0.1-SNAPSHOT @ E:\STUDAY MATERIAL\JAVA FSD\SPRING PROGRAMS\XML CONFIG\xml-autowiring\pom.xml.
2024-12-11 17:00:18,427 [Worker-7: Updating Maven Project] INFO  o.e.m.j.i.AbstractJavaProjectConfigurator - Adding source folder /xml-autowiring/src/main/java
2024-12-11 17:00:18,432 [Worker-7: Updating Maven Project] INFO  o.e.m.j.i.AbstractJavaProjectConfigurator - Adding resource folder /xml-autowiring/src/main/resources
2024-12-11 17:00:18,450 [Worker-7: Updating Maven Project] INFO  o.e.m.j.i.AbstractJavaProjectConfigurator - Adding source folder /xml-autowiring/src/test/java
2024-12-11 17:00:18,451 [Worker-7: Updating Maven Project] INFO  o.e.m.j.i.AbstractJavaProjectConfigurator - Adding resource folder /xml-autowiring/src/test/resources
2024-12-11 17:00:18,725 [Worker-7: Updating Maven Project] INFO  o.e.m.c.i.p.ProjectConfigurationManager - Update completed for 1 poms: local refresh takes 0.00 sec, refresh facades takes 0.00 sec, update config takes 0.00 sec 
2024-12-11 17:00:18,732 [Worker-1: Updating Maven Project] INFO  o.e.m.c.i.p.ProjectConfigurationManager - Update started
2024-12-11 17:00:18,800 [Worker-1: Updating Maven Project] INFO  o.e.m.c.i.l.LifecycleMappingFactory - Using org.eclipse.m2e.jdt.JarLifecycleMapping lifecycle mapping for MavenProject: org:xml-autowiring:0.0.1-SNAPSHOT @ E:\STUDAY MATERIAL\JAVA FSD\SPRING PROGRAMS\XML CONFIG\xml-autowiring\pom.xml.
2024-12-11 17:00:19,707 [Worker-1: Updating Maven Project] INFO  o.e.m.j.i.AbstractJavaProjectConfigurator - Adding source folder /xml-autowiring/src/main/java
2024-12-11 17:00:19,709 [Worker-1: Updating Maven Project] INFO  o.e.m.j.i.AbstractJavaProjectConfigurator - Adding resource folder /xml-autowiring/src/main/resources
2024-12-11 17:00:19,709 [Worker-1: Updating Maven Project] INFO  o.e.m.j.i.AbstractJavaProjectConfigurator - Adding source folder /xml-autowiring/src/test/java
2024-12-11 17:00:19,710 [Worker-1: Updating Maven Project] INFO  o.e.m.j.i.AbstractJavaProjectConfigurator - Adding resource folder /xml-autowiring/src/test/resources
2024-12-11 17:00:19,760 [Worker-1: Updating Maven Project] INFO  o.e.m.c.i.p.ProjectConfigurationManager - Update completed for 1 poms: local refresh takes 0.00 sec, refresh facades takes 0.00 sec, update config takes 0.00 sec 
2024-12-11 17:00:19,765 [Worker-15: Updating Maven Project] INFO  o.e.m.c.i.p.ProjectConfigurationManager - Update started
2024-12-11 17:00:19,811 [Worker-15: Updating Maven Project] INFO  o.e.m.c.i.l.LifecycleMappingFactory - Using org.eclipse.m2e.jdt.JarLifecycleMapping lifecycle mapping for MavenProject: org:xml-autowiring:0.0.1-SNAPSHOT @ E:\STUDAY MATERIAL\JAVA FSD\SPRING PROGRAMS\XML CONFIG\xml-autowiring\pom.xml.
2024-12-11 17:00:20,557 [Worker-15: Updating Maven Project] INFO  o.e.m.j.i.AbstractJavaProjectConfigurator - Adding source folder /xml-autowiring/src/main/java
2024-12-11 17:00:20,557 [Worker-15: Updating Maven Project] INFO  o.e.m.j.i.AbstractJavaProjectConfigurator - Adding resource folder /xml-autowiring/src/main/resources
2024-12-11 17:00:20,558 [Worker-15: Updating Maven Project] INFO  o.e.m.j.i.AbstractJavaProjectConfigurator - Adding source folder /xml-autowiring/src/test/java
2024-12-11 17:00:20,558 [Worker-15: Updating Maven Project] INFO  o.e.m.j.i.AbstractJavaProjectConfigurator - Adding resource folder /xml-autowiring/src/test/resources
2024-12-11 17:00:20,603 [Worker-15: Updating Maven Project] INFO  o.e.m.c.i.p.ProjectConfigurationManager - Update completed for 1 poms: local refresh takes 0.00 sec, refresh facades takes 0.00 sec, update config takes 0.00 sec 
2024-12-11 17:00:20,605 [Worker-15: Updating Maven Project] INFO  o.e.m.c.i.p.ProjectConfigurationManager - Update started
2024-12-11 17:00:20,641 [Worker-15: Updating Maven Project] INFO  o.e.m.c.i.l.LifecycleMappingFactory - Using org.eclipse.m2e.jdt.JarLifecycleMapping lifecycle mapping for MavenProject: org:xml-autowiring:0.0.1-SNAPSHOT @ E:\STUDAY MATERIAL\JAVA FSD\SPRING PROGRAMS\XML CONFIG\xml-autowiring\pom.xml.
2024-12-11 17:00:21,282 [Worker-15: Updating Maven Project] INFO  o.e.m.j.i.AbstractJavaProjectConfigurator - Adding source folder /xml-autowiring/src/main/java
2024-12-11 17:00:21,283 [Worker-15: Updating Maven Project] INFO  o.e.m.j.i.AbstractJavaProjectConfigurator - Adding resource folder /xml-autowiring/src/main/resources
2024-12-11 17:00:21,283 [Worker-15: Updating Maven Project] INFO  o.e.m.j.i.AbstractJavaProjectConfigurator - Adding source folder /xml-autowiring/src/test/java
2024-12-11 17:00:21,284 [Worker-15: Updating Maven Project] INFO  o.e.m.j.i.AbstractJavaProjectConfigurator - Adding resource folder /xml-autowiring/src/test/resources
2024-12-11 17:00:21,321 [Worker-15: Updating Maven Project] INFO  o.e.m.c.i.p.ProjectConfigurationManager - Update completed for 1 poms: local refresh takes 0.00 sec, refresh facades takes 0.00 sec, update config takes 0.00 sec 
2024-12-11 17:00:21,323 [Worker-2: Updating Maven Project] INFO  o.e.m.c.i.p.ProjectConfigurationManager - Update started
2024-12-11 17:00:21,369 [Worker-2: Updating Maven Project] INFO  o.e.m.c.i.l.LifecycleMappingFactory - Using org.eclipse.m2e.jdt.JarLifecycleMapping lifecycle mapping for MavenProject: org:xml-example:0.0.1-SNAPSHOT @ E:\STUDAY MATERIAL\JAVA FSD\SPRING PROGRAMS\XML CONFIG\xml-example\pom.xml.
2024-12-11 17:00:21,411 [Worker-2: Updating Maven Project] INFO  o.e.m.j.i.AbstractJavaProjectConfigurator - Adding source folder /xml-example/src/main/java
2024-12-11 17:00:21,411 [Worker-2: Updating Maven Project] INFO  o.e.m.j.i.AbstractJavaProjectConfigurator - Adding resource folder /xml-example/src/main/resources
2024-12-11 17:00:21,413 [Worker-2: Updating Maven Project] INFO  o.e.m.j.i.AbstractJavaProjectConfigurator - Adding source folder /xml-example/src/test/java
2024-12-11 17:00:21,414 [Worker-2: Updating Maven Project] INFO  o.e.m.j.i.AbstractJavaProjectConfigurator - Adding resource folder /xml-example/src/test/resources
2024-12-11 17:00:21,568 [Worker-2: Updating Maven Project] INFO  o.e.m.c.i.p.ProjectConfigurationManager - Update completed for 1 poms: local refresh takes 0.00 sec, refresh facades takes 0.00 sec, update config takes 0.00 sec 
2024-12-11 17:00:21,572 [Worker-2: Updating Maven Project] INFO  o.e.m.c.i.p.ProjectConfigurationManager - Update started
2024-12-11 17:00:21,620 [Worker-2: Updating Maven Project] INFO  o.e.m.c.i.l.LifecycleMappingFactory - Using org.eclipse.m2e.jdt.JarLifecycleMapping lifecycle mapping for MavenProject: org:xml-example:0.0.1-SNAPSHOT @ E:\STUDAY MATERIAL\JAVA FSD\SPRING PROGRAMS\XML CONFIG\xml-example\pom.xml.
2024-12-11 17:00:21,669 [Worker-2: Updating Maven Project] INFO  o.e.m.j.i.AbstractJavaProjectConfigurator - Adding source folder /xml-example/src/main/java
2024-12-11 17:00:21,670 [Worker-2: Updating Maven Project] INFO  o.e.m.j.i.AbstractJavaProjectConfigurator - Adding resource folder /xml-example/src/main/resources
2024-12-11 17:00:21,671 [Worker-2: Updating Maven Project] INFO  o.e.m.j.i.AbstractJavaProjectConfigurator - Adding source folder /xml-example/src/test/java
2024-12-11 17:00:21,672 [Worker-2: Updating Maven Project] INFO  o.e.m.j.i.AbstractJavaProjectConfigurator - Adding resource folder /xml-example/src/test/resources
2024-12-11 17:00:21,735 [Worker-2: Updating Maven Project] INFO  o.e.m.c.i.p.ProjectConfigurationManager - Update completed for 1 poms: local refresh takes 0.00 sec, refresh facades takes 0.00 sec, update config takes 0.00 sec 
2024-12-11 17:00:21,738 [Worker-9: Updating Maven Project] INFO  o.e.m.c.i.p.ProjectConfigurationManager - Update started
2024-12-11 17:00:21,778 [Worker-9: Updating Maven Project] INFO  o.e.m.c.i.l.LifecycleMappingFactory - Using org.eclipse.m2e.jdt.JarLifecycleMapping lifecycle mapping for MavenProject: org:xml-example:0.0.1-SNAPSHOT @ E:\STUDAY MATERIAL\JAVA FSD\SPRING PROGRAMS\XML CONFIG\xml-example\pom.xml.
2024-12-11 17:00:21,825 [Worker-9: Updating Maven Project] INFO  o.e.m.j.i.AbstractJavaProjectConfigurator - Adding source folder /xml-example/src/main/java
2024-12-11 17:00:21,826 [Worker-9: Updating Maven Project] INFO  o.e.m.j.i.AbstractJavaProjectConfigurator - Adding resource folder /xml-example/src/main/resources
2024-12-11 17:00:21,826 [Worker-9: Updating Maven Project] INFO  o.e.m.j.i.AbstractJavaProjectConfigurator - Adding source folder /xml-example/src/test/java
2024-12-11 17:00:21,827 [Worker-9: Updating Maven Project] INFO  o.e.m.j.i.AbstractJavaProjectConfigurator - Adding resource folder /xml-example/src/test/resources
2024-12-11 17:00:21,876 [Worker-9: Updating Maven Project] INFO  o.e.m.c.i.p.ProjectConfigurationManager - Update completed for 1 poms: local refresh takes 0.00 sec, refresh facades takes 0.00 sec, update config takes 0.00 sec 
2024-12-11 17:00:21,878 [Worker-17: Updating Maven Project] INFO  o.e.m.c.i.p.ProjectConfigurationManager - Update started
2024-12-11 17:00:21,909 [Worker-17: Updating Maven Project] INFO  o.e.m.c.i.l.LifecycleMappingFactory - Using org.eclipse.m2e.jdt.JarLifecycleMapping lifecycle mapping for MavenProject: org:xml-example:0.0.1-SNAPSHOT @ E:\STUDAY MATERIAL\JAVA FSD\SPRING PROGRAMS\XML CONFIG\xml-example\pom.xml.
2024-12-11 17:00:21,950 [Worker-17: Updating Maven Project] INFO  o.e.m.j.i.AbstractJavaProjectConfigurator - Adding source folder /xml-example/src/main/java
2024-12-11 17:00:21,950 [Worker-17: Updating Maven Project] INFO  o.e.m.j.i.AbstractJavaProjectConfigurator - Adding resource folder /xml-example/src/main/resources
2024-12-11 17:00:21,951 [Worker-17: Updating Maven Project] INFO  o.e.m.j.i.AbstractJavaProjectConfigurator - Adding source folder /xml-example/src/test/java
2024-12-11 17:00:21,951 [Worker-17: Updating Maven Project] INFO  o.e.m.j.i.AbstractJavaProjectConfigurator - Adding resource folder /xml-example/src/test/resources
2024-12-11 17:00:21,983 [Worker-17: Updating Maven Project] INFO  o.e.m.c.i.p.ProjectConfigurationManager - Update completed for 1 poms: local refresh takes 0.00 sec, refresh facades takes 0.00 sec, update config takes 0.00 sec 
2024-12-11 17:00:22,625 [Worker-17: Building] INFO  o.a.m.s.f.DefaultMavenResourcesFiltering - Copying 1 resource from src\main\resources to target\classes
2024-12-11 17:00:22,644 [Worker-17: Building] INFO  o.a.m.s.f.DefaultMavenResourcesFiltering - skip non existing resourceDirectory E:\STUDAY MATERIAL\JAVA FSD\SPRING PROGRAMS\XML CONFIG\xml-autowiring\src\test\resources
2024-12-11 17:00:23,276 [Worker-17: Building] INFO  o.a.m.s.f.DefaultMavenResourcesFiltering - Copying 1 resource from src\main\resources to target\classes
2024-12-11 17:00:23,280 [Worker-17: Building] INFO  o.a.m.s.f.DefaultMavenResourcesFiltering - skip non existing resourceDirectory E:\STUDAY MATERIAL\JAVA FSD\SPRING PROGRAMS\XML CONFIG\xml-example\src\test\resources
