2024-12-12 11:34:03,438 [Worker-8: Loading available Gradle versions] INFO  o.e.b.c.i.u.g.PublishedGradleVersions - Gradle version information cache is up-to-date. Trying to read.
2024-12-12 11:34:56,684 [Worker-16: Import Getting Started Content] INFO  o.e.m.c.i.l.LifecycleMappingFactory - Using org.eclipse.m2e.jdt.JarLifecycleMapping lifecycle mapping for MavenProject: com.example:ModelMappingDemo:0.0.1-SNAPSHOT @ E:\STUDAY MATERIAL\JAVA FSD\SPRING PROGRAMS\MODEL MAPPING\ModelMappingDemo\pom.xml.
2024-12-12 11:34:57,760 [Worker-16: Import Getting Started Content] INFO  o.e.m.j.i.AbstractJavaProjectConfigurator - Adding source folder /ModelMappingDemo/src/main/java
2024-12-12 11:34:57,761 [Worker-16: Import Getting Started Content] INFO  o.e.m.j.i.AbstractJavaProjectConfigurator - Adding resource folder /ModelMappingDemo/src/main/resources
2024-12-12 11:34:57,765 [Worker-16: Import Getting Started Content] INFO  o.e.m.j.i.AbstractJavaProjectConfigurator - Adding resource folder /ModelMappingDemo/src/main/resources
2024-12-12 11:34:57,767 [Worker-16: Import Getting Started Content] INFO  o.e.m.j.i.AbstractJavaProjectConfigurator - Adding source folder /ModelMappingDemo/src/test/java
2024-12-12 11:34:57,768 [Worker-16: Import Getting Started Content] INFO  o.e.m.j.i.AbstractJavaProjectConfigurator - Adding resource folder /ModelMappingDemo/src/test/resources
2024-12-12 11:34:58,407 [Worker-16: Import Getting Started Content] INFO  o.e.m.c.i.p.ProjectConfigurationManager - Imported and configured 1 project(s) in 3 sec
2024-12-12 11:34:58,414 [Worker-16: Import Getting Started Content] INFO  o.e.m.c.i.p.ProjectConfigurationManager - Update started
2024-12-12 11:34:58,708 [Worker-16: Import Getting Started Content] INFO  o.e.m.c.i.l.LifecycleMappingFactory - Using org.eclipse.m2e.jdt.JarLifecycleMapping lifecycle mapping for MavenProject: com.example:ModelMappingDemo:0.0.1-SNAPSHOT @ E:\STUDAY MATERIAL\JAVA FSD\SPRING PROGRAMS\MODEL MAPPING\ModelMappingDemo\pom.xml.
2024-12-12 11:34:59,036 [Worker-16: Import Getting Started Content] INFO  o.e.m.j.i.AbstractJavaProjectConfigurator - Adding source folder /ModelMappingDemo/src/main/java
2024-12-12 11:34:59,037 [Worker-16: Import Getting Started Content] INFO  o.e.m.j.i.AbstractJavaProjectConfigurator - Adding resource folder /ModelMappingDemo/src/main/resources
2024-12-12 11:34:59,038 [Worker-16: Import Getting Started Content] INFO  o.e.m.j.i.AbstractJavaProjectConfigurator - Adding resource folder /ModelMappingDemo/src/main/resources
2024-12-12 11:34:59,038 [Worker-16: Import Getting Started Content] INFO  o.e.m.j.i.AbstractJavaProjectConfigurator - Adding source folder /ModelMappingDemo/src/test/java
2024-12-12 11:34:59,039 [Worker-16: Import Getting Started Content] INFO  o.e.m.j.i.AbstractJavaProjectConfigurator - Adding resource folder /ModelMappingDemo/src/test/resources
2024-12-12 11:34:59,357 [Worker-16: Import Getting Started Content] INFO  o.e.m.c.i.p.ProjectConfigurationManager - Update completed for 1 poms: local refresh takes 0.00 sec, refresh facades takes 0.00 sec, update config takes 0.00 sec 
2024-12-12 11:35:01,139 [Worker-31: Building] INFO  o.a.m.s.f.DefaultMavenResourcesFiltering - Copying 1 resource from src\main\resources to target\classes
2024-12-12 11:35:01,186 [Worker-31: Building] INFO  o.a.m.s.f.DefaultMavenResourcesFiltering - Copying 0 resource from src\main\resources to target\classes
2024-12-12 11:35:01,192 [Worker-31: Building] INFO  o.a.m.s.f.DefaultMavenResourcesFiltering - skip non existing resourceDirectory E:\STUDAY MATERIAL\JAVA FSD\SPRING PROGRAMS\MODEL MAPPING\ModelMappingDemo\src\test\resources
2024-12-12 11:35:34,965 [Worker-23: Building] INFO  o.e.m.c.i.l.LifecycleMappingFactory - Using org.eclipse.m2e.jdt.JarLifecycleMapping lifecycle mapping for MavenProject: com.example:ModelMappingDemo:0.0.1-SNAPSHOT @ E:\STUDAY MATERIAL\JAVA FSD\SPRING PROGRAMS\MODEL MAPPING\ModelMappingDemo\pom.xml.
2024-12-12 11:35:35,467 [Worker-23: Building] INFO  o.a.m.s.f.DefaultMavenResourcesFiltering - Copying 0 resource from src\main\resources to target\classes
2024-12-12 11:35:35,468 [Worker-23: Building] INFO  o.a.m.s.f.DefaultMavenResourcesFiltering - Copying 0 resource from src\main\resources to target\classes
2024-12-12 11:35:35,472 [Worker-23: Building] INFO  o.a.m.s.f.DefaultMavenResourcesFiltering - skip non existing resourceDirectory E:\STUDAY MATERIAL\JAVA FSD\SPRING PROGRAMS\MODEL MAPPING\ModelMappingDemo\src\test\resources
2024-12-12 11:35:36,627 [Worker-4: Building] INFO  o.a.m.s.f.DefaultMavenResourcesFiltering - Copying 1 resource from src\main\resources to target\classes
2024-12-12 11:35:36,636 [Worker-4: Building] INFO  o.a.m.s.f.DefaultMavenResourcesFiltering - Copying 0 resource from src\main\resources to target\classes
2024-12-12 11:35:36,638 [Worker-4: Building] INFO  o.a.m.s.f.DefaultMavenResourcesFiltering - skip non existing resourceDirectory E:\STUDAY MATERIAL\JAVA FSD\SPRING PROGRAMS\MODEL MAPPING\ModelMappingDemo\src\test\resources
2024-12-12 11:35:37,402 [Worker-15: Download sources and javadoc] INFO  o.e.m.c.i.e.AbstractTransferListenerAdapter - Downloading https://repo.maven.apache.org/maven2/org/modelmapper/modelmapper/3.1.1/modelmapper-3.1.1-sources.jar
2024-12-12 11:35:37,855 [Worker-15: Download sources and javadoc] INFO  o.e.m.c.i.e.AbstractTransferListenerAdapter - Downloaded https://repo.maven.apache.org/maven2/org/modelmapper/modelmapper/3.1.1/modelmapper-3.1.1-sources.jar
2024-12-12 11:35:37,860 [Worker-15: Download sources and javadoc] INFO  o.e.m.j.internal.DownloadSourcesJob - Downloaded sources for org.modelmapper:modelmapper:3.1.1
2024-12-12 11:36:40,511 [Worker-9: Building] INFO  o.a.m.s.f.DefaultMavenResourcesFiltering - Copying 1 resource from src\main\resources to target\classes
2024-12-12 11:36:40,516 [Worker-9: Building] INFO  o.a.m.s.f.DefaultMavenResourcesFiltering - Copying 0 resource from src\main\resources to target\classes
2024-12-12 11:36:40,519 [Worker-9: Building] INFO  o.a.m.s.f.DefaultMavenResourcesFiltering - skip non existing resourceDirectory E:\STUDAY MATERIAL\JAVA FSD\SPRING PROGRAMS\MODEL MAPPING\ModelMappingDemo\src\test\resources
2024-12-12 11:36:55,543 [Worker-20: Building] INFO  o.a.m.s.f.DefaultMavenResourcesFiltering - Copying 1 resource from src\main\resources to target\classes
2024-12-12 11:36:55,551 [Worker-20: Building] INFO  o.a.m.s.f.DefaultMavenResourcesFiltering - Copying 0 resource from src\main\resources to target\classes
2024-12-12 11:36:55,553 [Worker-20: Building] INFO  o.a.m.s.f.DefaultMavenResourcesFiltering - skip non existing resourceDirectory E:\STUDAY MATERIAL\JAVA FSD\SPRING PROGRAMS\MODEL MAPPING\ModelMappingDemo\src\test\resources
2024-12-12 11:37:09,004 [Worker-12: Building] INFO  o.a.m.s.f.DefaultMavenResourcesFiltering - Copying 1 resource from src\main\resources to target\classes
2024-12-12 11:37:09,010 [Worker-12: Building] INFO  o.a.m.s.f.DefaultMavenResourcesFiltering - Copying 0 resource from src\main\resources to target\classes
2024-12-12 11:37:09,012 [Worker-12: Building] INFO  o.a.m.s.f.DefaultMavenResourcesFiltering - skip non existing resourceDirectory E:\STUDAY MATERIAL\JAVA FSD\SPRING PROGRAMS\MODEL MAPPING\ModelMappingDemo\src\test\resources
2024-12-12 11:37:15,982 [Worker-12: Building] INFO  o.a.m.s.f.DefaultMavenResourcesFiltering - Copying 1 resource from src\main\resources to target\classes
2024-12-12 11:37:15,987 [Worker-12: Building] INFO  o.a.m.s.f.DefaultMavenResourcesFiltering - Copying 0 resource from src\main\resources to target\classes
2024-12-12 11:37:15,991 [Worker-12: Building] INFO  o.a.m.s.f.DefaultMavenResourcesFiltering - skip non existing resourceDirectory E:\STUDAY MATERIAL\JAVA FSD\SPRING PROGRAMS\MODEL MAPPING\ModelMappingDemo\src\test\resources
2024-12-12 11:38:10,031 [Worker-17: Building] INFO  o.a.m.s.f.DefaultMavenResourcesFiltering - Copying 1 resource from src\main\resources to target\classes
2024-12-12 11:38:10,035 [Worker-17: Building] INFO  o.a.m.s.f.DefaultMavenResourcesFiltering - Copying 0 resource from src\main\resources to target\classes
2024-12-12 11:38:10,037 [Worker-17: Building] INFO  o.a.m.s.f.DefaultMavenResourcesFiltering - skip non existing resourceDirectory E:\STUDAY MATERIAL\JAVA FSD\SPRING PROGRAMS\MODEL MAPPING\ModelMappingDemo\src\test\resources
2024-12-12 11:42:01,956 [Worker-3: Building] INFO  o.a.m.s.f.DefaultMavenResourcesFiltering - Copying 1 resource from src\main\resources to target\classes
2024-12-12 11:42:01,962 [Worker-3: Building] INFO  o.a.m.s.f.DefaultMavenResourcesFiltering - Copying 0 resource from src\main\resources to target\classes
2024-12-12 11:42:01,966 [Worker-3: Building] INFO  o.a.m.s.f.DefaultMavenResourcesFiltering - skip non existing resourceDirectory E:\STUDAY MATERIAL\JAVA FSD\SPRING PROGRAMS\MODEL MAPPING\ModelMappingDemo\src\test\resources
2024-12-12 11:42:14,091 [Worker-41: Building] INFO  o.a.m.s.f.DefaultMavenResourcesFiltering - Copying 1 resource from src\main\resources to target\classes
2024-12-12 11:42:14,096 [Worker-41: Building] INFO  o.a.m.s.f.DefaultMavenResourcesFiltering - Copying 0 resource from src\main\resources to target\classes
2024-12-12 11:42:14,098 [Worker-41: Building] INFO  o.a.m.s.f.DefaultMavenResourcesFiltering - skip non existing resourceDirectory E:\STUDAY MATERIAL\JAVA FSD\SPRING PROGRAMS\MODEL MAPPING\ModelMappingDemo\src\test\resources
2024-12-12 11:42:58,760 [Worker-25: Building] INFO  o.a.m.s.f.DefaultMavenResourcesFiltering - Copying 1 resource from src\main\resources to target\classes
2024-12-12 11:42:58,763 [Worker-25: Building] INFO  o.a.m.s.f.DefaultMavenResourcesFiltering - Copying 0 resource from src\main\resources to target\classes
2024-12-12 11:42:58,765 [Worker-25: Building] INFO  o.a.m.s.f.DefaultMavenResourcesFiltering - skip non existing resourceDirectory E:\STUDAY MATERIAL\JAVA FSD\SPRING PROGRAMS\MODEL MAPPING\ModelMappingDemo\src\test\resources
2024-12-12 11:43:49,519 [Worker-6: Building] INFO  o.a.m.s.f.DefaultMavenResourcesFiltering - Copying 1 resource from src\main\resources to target\classes
2024-12-12 11:43:49,523 [Worker-6: Building] INFO  o.a.m.s.f.DefaultMavenResourcesFiltering - Copying 0 resource from src\main\resources to target\classes
2024-12-12 11:43:49,526 [Worker-6: Building] INFO  o.a.m.s.f.DefaultMavenResourcesFiltering - skip non existing resourceDirectory E:\STUDAY MATERIAL\JAVA FSD\SPRING PROGRAMS\MODEL MAPPING\ModelMappingDemo\src\test\resources
2024-12-12 11:44:12,456 [Worker-35: Building] INFO  o.a.m.s.f.DefaultMavenResourcesFiltering - Copying 1 resource from src\main\resources to target\classes
2024-12-12 11:44:12,460 [Worker-35: Building] INFO  o.a.m.s.f.DefaultMavenResourcesFiltering - Copying 0 resource from src\main\resources to target\classes
2024-12-12 11:44:12,463 [Worker-35: Building] INFO  o.a.m.s.f.DefaultMavenResourcesFiltering - skip non existing resourceDirectory E:\STUDAY MATERIAL\JAVA FSD\SPRING PROGRAMS\MODEL MAPPING\ModelMappingDemo\src\test\resources
2024-12-12 11:49:15,111 [Worker-31: Building] INFO  o.a.m.s.f.DefaultMavenResourcesFiltering - Copying 1 resource from src\main\resources to target\classes
2024-12-12 11:49:15,114 [Worker-31: Building] INFO  o.a.m.s.f.DefaultMavenResourcesFiltering - Copying 0 resource from src\main\resources to target\classes
2024-12-12 11:49:15,117 [Worker-31: Building] INFO  o.a.m.s.f.DefaultMavenResourcesFiltering - skip non existing resourceDirectory E:\STUDAY MATERIAL\JAVA FSD\SPRING PROGRAMS\MODEL MAPPING\ModelMappingDemo\src\test\resources
2024-12-12 11:49:58,895 [Worker-42: Building] INFO  o.a.m.s.f.DefaultMavenResourcesFiltering - Copying 1 resource from src\main\resources to target\classes
2024-12-12 11:49:58,918 [Worker-42: Building] INFO  o.a.m.s.f.DefaultMavenResourcesFiltering - Copying 0 resource from src\main\resources to target\classes
2024-12-12 11:49:58,922 [Worker-42: Building] INFO  o.a.m.s.f.DefaultMavenResourcesFiltering - skip non existing resourceDirectory E:\STUDAY MATERIAL\JAVA FSD\SPRING PROGRAMS\MODEL MAPPING\ModelMappingDemo\src\test\resources
2024-12-12 11:50:31,440 [Worker-38: Building] INFO  o.a.m.s.f.DefaultMavenResourcesFiltering - Copying 1 resource from src\main\resources to target\classes
2024-12-12 11:50:31,444 [Worker-38: Building] INFO  o.a.m.s.f.DefaultMavenResourcesFiltering - Copying 0 resource from src\main\resources to target\classes
2024-12-12 11:50:31,447 [Worker-38: Building] INFO  o.a.m.s.f.DefaultMavenResourcesFiltering - skip non existing resourceDirectory E:\STUDAY MATERIAL\JAVA FSD\SPRING PROGRAMS\MODEL MAPPING\ModelMappingDemo\src\test\resources
